
> slza.sk@0.1.0 build
> next build

⚠ Warning: Next.js inferred your workspace root, but it may not be correct.
 We detected multiple lockfiles and selected the directory of /Users/pavelkovac/package-lock.json as the root directory.
 To silence this warning, set `turbopack.root` in your Next.js config, or consider removing one of the lockfiles if it's not needed.
   See https://nextjs.org/docs/app/api-reference/config/next-config-js/turbopack#root-directory for more information.
 Detected additional lockfiles: 
   * /Users/pavelkovac/Desktop/untitled folder/SLZA/slza.sk/frontend/package-lock.json
   * /Users/pavelkovac/Desktop/untitled folder/SLZA/slza.sk/package-lock.json

▲ Next.js 16.1.4 (Turbopack)
- Environments: .env.local, .env

⚠ The "middleware" file convention is deprecated. Please use "proxy" instead. Learn more: https://nextjs.org/docs/messages/middleware-to-proxy
  Creating an optimized production build ...
✓ Compiled successfully in 2.1s
  Running TypeScript ...
  Collecting page data using 7 workers ...
  Generating static pages using 7 workers (0/33) ...
  Generating static pages using 7 workers (8/33) 
  Generating static pages using 7 workers (16/33) 
⨯ useSearchParams() should be wrapped in a suspense boundary at page "/site-password". Read more: https://nextjs.org/docs/messages/missing-suspense-with-csr-bailout
    at Q (/Users/pavelkovac/Desktop/untitled folder/SLZA/slza.sk/frontend/.next/server/chunks/ssr/c40b9_5ba0d70d._.js:2:2111)
    at o (/Users/pavelkovac/Desktop/untitled folder/SLZA/slza.sk/frontend/.next/server/chunks/ssr/c40b9_5ba0d70d._.js:4:5281)
    at e (/Users/pavelkovac/Desktop/untitled folder/SLZA/slza.sk/frontend/.next/server/chunks/ssr/[root-of-the-server]__3b22ab18._.js:1:996)
    at an (/Users/pavelkovac/Desktop/untitled folder/SLZA/slza.sk/frontend/node_modules/next/dist/compiled/next-server/app-page-turbo.runtime.prod.js:2:84360)
    at ai (/Users/pavelkovac/Desktop/untitled folder/SLZA/slza.sk/frontend/node_modules/next/dist/compiled/next-server/app-page-turbo.runtime.prod.js:2:86179)
    at al (/Users/pavelkovac/Desktop/untitled folder/SLZA/slza.sk/frontend/node_modules/next/dist/compiled/next-server/app-page-turbo.runtime.prod.js:2:107953)
    at as (/Users/pavelkovac/Desktop/untitled folder/SLZA/slza.sk/frontend/node_modules/next/dist/compiled/next-server/app-page-turbo.runtime.prod.js:2:105368)
    at aa (/Users/pavelkovac/Desktop/untitled folder/SLZA/slza.sk/frontend/node_modules/next/dist/compiled/next-server/app-page-turbo.runtime.prod.js:2:84712)
    at ai (/Users/pavelkovac/Desktop/untitled folder/SLZA/slza.sk/frontend/node_modules/next/dist/compiled/next-server/app-page-turbo.runtime.prod.js:2:86228)
    at ai (/Users/pavelkovac/Desktop/untitled folder/SLZA/slza.sk/frontend/node_modules/next/dist/compiled/next-server/app-page-turbo.runtime.prod.js:2:104708)
Error occurred prerendering page "/site-password". Read more: https://nextjs.org/docs/messages/prerender-error
Export encountered an error on /site-password/page: /site-password, exiting the build.
⨯ Next.js build worker exited with code: 1 and signal: null
